
> regenserver@2.2.0 dev
> NODE_ENV=development ; nodemon src/index.js

[33m[nodemon] 2.0.7[39m
[33m[nodemon] to restart at any time, enter `rs`[39m
[33m[nodemon] watching path(s): *.*[39m
[33m[nodemon] watching extensions: js,mjs,json[39m
[32m[nodemon] starting `node src/index.js`[39m
2021.01.16, 12:07:28 INFO src/database.js line:17 {
  db_name: 'users',
  purge_seq: '0-g1AAAABPeJzLYWBgYMpgTmHgzcvPy09JdcjLz8gvLskBCeexAEmGBiD1HwiyEhlwqEtkSKqHKMgCAIT2GV4',
  update_seq: '0-g1AAAABPeJzLYWBgYMpgTmHgzcvPy09JdcjLz8gvLskBCeexAEmGBiD1HwiyEhlwqEtkSKqHKMgCAIT2GV4',
  sizes: { file: 16692, external: 0, active: 0 },
  props: { partitioned: true },
  doc_del_count: 0,
  doc_count: 0,
  disk_format_version: 8,
  compact_running: false,
  cluster: { q: 2, n: 1, w: 1, r: 1 },
  instance_start_time: '0'
}
2021.01.16, 12:08:17 INFO src/socketHandler.js line:28 trying to login or create account
2021.01.16, 12:08:17 DEBUG login/login.js line:20 Getting new data: {"status":"checkAlreadyLoggedIn"}
2021.01.16, 12:08:17 DEBUG login/login.js line:206 cookie session is: {"cookie":{"originalMaxAge":86400000000,"expires":"2023-10-13T12:08:17.423Z","httpOnly":true,"path":"/"}}
2021.01.16, 12:08:17 INFO login/login.js line:209 user has not cookie set
2021.01.16, 12:08:22 INFO src/socketHandler.js line:28 trying to login or create account
2021.01.16, 12:08:22 DEBUG login/login.js line:20 Getting new data: {"status":"checkAlreadyLoggedIn"}
2021.01.16, 12:08:22 DEBUG login/login.js line:206 cookie session is: {"cookie":{"originalMaxAge":86400000000,"expires":"2023-10-13T12:08:22.759Z","httpOnly":true,"path":"/"}}
2021.01.16, 12:08:22 INFO login/login.js line:209 user has not cookie set
2021.01.16, 12:08:23 INFO src/socketHandler.js line:28 trying to login or create account
2021.01.16, 12:08:23 DEBUG login/login.js line:20 Getting new data: {"status":"create_account","lang":"en","cred":{"id":"60ba0b73-4267-421f-91a0-d96568e3dde3","username":"Test","password":"12345678","email":"test@gmail.com"}}
2021.01.16, 12:08:24 DEBUG login/login.js line:181 User is: undefined
2021.01.16, 12:08:24 DEBUG login/login.js line:230 eyJhbGciOiJIUzM4NCIsInR5cCI6IkpXVCJ9.eyJlbWFpbCI6InRlc3RAZ21haWwuY29tIiwiaWF0IjoxNjEwNzk4OTA0fQ.y11rwtdwXw8aXz0Z_XkXf3BEbPGohKlAKHyFxZ8nTfqJtSwDCG2DlC1KzrpCKtKd
2021.01.16, 12:08:24 DEBUG src/database.js line:74 create User: {"username":"Test","password":"12345678","email":"test@gmail.com","id":"60ba0b73-4267-421f-91a0-d96568e3dde3"}
2021.01.16, 12:08:24 DEBUG src/database.js line:97 creating views for user
2021.01.16, 12:08:24 DEBUG login/login.js line:252 User is: {"_id":"users:60ba0b73-4267-421f-91a0-d96568e3dde3","_rev":"1-2ffd4bc1450aa45f5312f008f37f6af5","username":"Test","jwt":"eyJhbGciOiJIUzM4NCIsInR5cCI6IkpXVCJ9.eyJlbWFpbCI6InRlc3RAZ21haWwuY29tIiwiaWF0IjoxNjEwNzk4OTA0fQ.y11rwtdwXw8aXz0Z_XkXf3BEbPGohKlAKHyFxZ8nTfqJtSwDCG2DlC1KzrpCKtKd","email":"test@gmail.com","id":"60ba0b73-4267-421f-91a0-d96568e3dde3"}
2021.01.16, 12:08:24 DEBUG src/database.js line:33 getting all data with id: 60ba0b73-4267-421f-91a0-d96568e3dde3
2021.01.16, 12:08:24 DEBUG src/database.js line:33 getting all data with id: 60ba0b73-4267-421f-91a0-d96568e3dde3
2021.01.16, 12:08:24 DEBUG src/database.js line:38 {"total_rows":0,"offset":0,"rows":[]}
2021.01.16, 12:08:24 DEBUG src/database.js line:38 {"total_rows":0,"offset":0,"rows":[]}
2021.01.16, 12:08:24 DEBUG login/login.js line:279 data: [[],[]]
2021.01.16, 12:08:24 DEBUG src/socketHandler.js line:94 User trys to change data
2021.01.16, 12:08:24 INFO src/socketHandler.js line:102 User test@gmail.com has permission to change data
2021.01.16, 12:08:24 INFO src/socketHandler.js line:28 trying to login or create account
2021.01.16, 12:08:24 DEBUG login/login.js line:20 Getting new data: {"status":"logout"}
2021.01.16, 12:08:24 INFO login/login.js line:175 logget out cookie is: {"cookie":{"originalMaxAge":86400000000,"expires":"2023-10-13T12:08:22.759Z","httpOnly":true,"path":"/"}}
2021.01.16, 12:08:25 INFO src/socketHandler.js line:28 trying to login or create account
2021.01.16, 12:08:25 DEBUG login/login.js line:20 Getting new data: {"status":"checkAlreadyLoggedIn"}
2021.01.16, 12:08:25 DEBUG login/login.js line:206 cookie session is: {"cookie":{"originalMaxAge":86400000000,"expires":"2023-10-13T12:08:24.931Z","httpOnly":true,"path":"/"}}
2021.01.16, 12:08:25 INFO login/login.js line:209 user has not cookie set
2021.01.16, 12:08:26 INFO src/socketHandler.js line:28 trying to login or create account
2021.01.16, 12:08:26 DEBUG login/login.js line:20 Getting new data: {"status":"checkAlreadyLoggedIn"}
2021.01.16, 12:08:26 DEBUG login/login.js line:206 cookie session is: {"cookie":{"originalMaxAge":86400000000,"expires":"2023-10-13T12:08:25.885Z","httpOnly":true,"path":"/"}}
2021.01.16, 12:08:26 INFO login/login.js line:209 user has not cookie set
2021.01.16, 12:08:26 INFO src/socketHandler.js line:28 trying to login or create account
2021.01.16, 12:08:26 DEBUG login/login.js line:20 Getting new data: {"status":"login","cred":{"email":"test@gmail.com","password":"12345678"}}
2021.01.16, 12:08:26 DEBUG login/login.js line:252 User is: {"_id":"users:60ba0b73-4267-421f-91a0-d96568e3dde3","_rev":"1-2ffd4bc1450aa45f5312f008f37f6af5","username":"Test","jwt":"eyJhbGciOiJIUzM4NCIsInR5cCI6IkpXVCJ9.eyJlbWFpbCI6InRlc3RAZ21haWwuY29tIiwiaWF0IjoxNjEwNzk4OTA0fQ.y11rwtdwXw8aXz0Z_XkXf3BEbPGohKlAKHyFxZ8nTfqJtSwDCG2DlC1KzrpCKtKd","email":"test@gmail.com","id":"60ba0b73-4267-421f-91a0-d96568e3dde3"}
2021.01.16, 12:08:26 DEBUG src/database.js line:33 getting all data with id: 60ba0b73-4267-421f-91a0-d96568e3dde3
2021.01.16, 12:08:26 DEBUG src/database.js line:33 getting all data with id: 60ba0b73-4267-421f-91a0-d96568e3dde3
2021.01.16, 12:08:26 DEBUG src/database.js line:38 {"total_rows":0,"offset":0,"rows":[]}
2021.01.16, 12:08:26 DEBUG src/database.js line:38 {"total_rows":0,"offset":0,"rows":[]}
2021.01.16, 12:08:26 DEBUG login/login.js line:279 data: [[],[]]
2021.01.16, 12:08:26 DEBUG src/socketHandler.js line:60 getting rain days []
2021.01.16, 12:08:27 DEBUG src/socketHandler.js line:42 Session {
  cookie: {
    path: '/',
    _expires: 2023-10-13T12:08:25.885Z,
    originalMaxAge: 86400000000,
    httpOnly: true
  },
  jwt: 'eyJhbGciOiJIUzM4NCIsInR5cCI6IkpXVCJ9.eyJlbWFpbCI6InRlc3RAZ21haWwuY29tIiwiaWF0IjoxNjEwNzk4OTA0fQ.y11rwtdwXw8aXz0Z_XkXf3BEbPGohKlAKHyFxZ8nTfqJtSwDCG2DlC1KzrpCKtKd'
}
2021.01.16, 12:08:27 DEBUG src/socketHandler.js line:46 live map receives date: Sat Jan 16 2021 00:00:00 GMT+0000 (Coordinated Universal Time)
2021.01.16, 12:08:27 DEBUG src/database.js line:221 2021-01-16T00:00:00.000Z
2021.01.16, 12:08:27 DEBUG src/database.js line:226 {"total_rows":0,"offset":0,"rows":[]}
2021.01.16, 12:08:27 DEBUG src/database.js line:235 []
2021.01.16, 12:08:27 DEBUG src/socketHandler.js line:48 Rain obj is: []
2021.01.16, 12:08:29 DEBUG src/socketHandler.js line:94 User trys to change data
2021.01.16, 12:08:29 INFO src/socketHandler.js line:102 User test@gmail.com has permission to change data
2021.01.16, 12:08:29 DEBUG src/socketHandler.js line:34 user received: {"_id":"users:60ba0b73-4267-421f-91a0-d96568e3dde3","_rev":"1-2ffd4bc1450aa45f5312f008f37f6af5","username":"Test","jwt":"eyJhbGciOiJIUzM4NCIsInR5cCI6IkpXVCJ9.eyJlbWFpbCI6InRlc3RAZ21haWwuY29tIiwiaWF0IjoxNjEwNzk4OTA0fQ.y11rwtdwXw8aXz0Z_XkXf3BEbPGohKlAKHyFxZ8nTfqJtSwDCG2DlC1KzrpCKtKd","email":"test@gmail.com","id":"60ba0b73-4267-421f-91a0-d96568e3dde3"}
2021.01.16, 12:08:29 INFO src/socketHandler.js line:36 Getting data: [{"type":"add","partitionName":"places","payload":{"id":"72cf3d54-7b42-4193-a33d-678641dcdce3","place":"a","position":[-22.361268344311554,-60.02517700195313]}}] and want to insert
2021.01.16, 12:08:29 DEBUG userdata/userdata.js line:15 {
  _id: 'users:60ba0b73-4267-421f-91a0-d96568e3dde3',
  _rev: '1-2ffd4bc1450aa45f5312f008f37f6af5',
  username: 'Test',
  jwt: 'eyJhbGciOiJIUzM4NCIsInR5cCI6IkpXVCJ9.eyJlbWFpbCI6InRlc3RAZ21haWwuY29tIiwiaWF0IjoxNjEwNzk4OTA0fQ.y11rwtdwXw8aXz0Z_XkXf3BEbPGohKlAKHyFxZ8nTfqJtSwDCG2DlC1KzrpCKtKd',
  email: 'test@gmail.com',
  id: '60ba0b73-4267-421f-91a0-d96568e3dde3'
}
2021.01.16, 12:08:29 INFO userdata/userdata.js line:35 inserting {"type":"add","partitionName":"places","payload":{"id":"72cf3d54-7b42-4193-a33d-678641dcdce3","place":"a","position":[-22.361268344311554,-60.02517700195313]}} for Test
2021.01.16, 12:08:29 DEBUG src/database.js line:147 partitionName: places, id: 60ba0b73-4267-421f-91a0-d96568e3dde3, payload: {"id":"72cf3d54-7b42-4193-a33d-678641dcdce3","place":"a","position":[-22.361268344311554,-60.02517700195313]}
2021.01.16, 12:08:29 DEBUG src/database.js line:153 {
  id: '72cf3d54-7b42-4193-a33d-678641dcdce3',
  place: 'a',
  position: [ -22.361268344311554, -60.02517700195313 ],
  _id: 'places:72cf3d54-7b42-4193-a33d-678641dcdce3'
}
2021.01.16, 12:08:29 DEBUG src/database.js line:158 {
  docs: [],
  bookmark: 'nil',
  warning: 'No matching index found, create an index to optimize query time.'
}
2021.01.16, 12:08:29 DEBUG src/database.js line:147 partitionName: activitys, id: 60ba0b73-4267-421f-91a0-d96568e3dde3, payload: {"id":"72cf3d54-7b42-4193-a33d-678641dcdce3","type":"add","partitionName":"places","datetime":"2021-01-16T12:08:29.605Z","uuid":"75d42662-adc1-4eef-a404-68c8f5add760"}
2021.01.16, 12:08:29 DEBUG src/database.js line:153 {
  id: '72cf3d54-7b42-4193-a33d-678641dcdce3',
  type: 'add',
  partitionName: 'places',
  datetime: 2021-01-16T12:08:29.605Z,
  uuid: '75d42662-adc1-4eef-a404-68c8f5add760',
  _id: 'activitys:75d42662-adc1-4eef-a404-68c8f5add760'
}
2021.01.16, 12:08:29 DEBUG userdata/userdata.js line:60 sync_to_client [{"type":"add","partitionName":"places","payload":{"id":"72cf3d54-7b42-4193-a33d-678641dcdce3","place":"a","position":[-22.361268344311554,-60.02517700195313],"_id":"places:72cf3d54-7b42-4193-a33d-678641dcdce3"}}] to room: Test
2021.01.16, 12:08:29 DEBUG src/socketHandler.js line:94 User trys to change data
2021.01.16, 12:08:29 INFO src/socketHandler.js line:102 User test@gmail.com has permission to change data
2021.01.16, 12:08:29 DEBUG src/socketHandler.js line:34 user received: {"_id":"users:60ba0b73-4267-421f-91a0-d96568e3dde3","_rev":"1-2ffd4bc1450aa45f5312f008f37f6af5","username":"Test","jwt":"eyJhbGciOiJIUzM4NCIsInR5cCI6IkpXVCJ9.eyJlbWFpbCI6InRlc3RAZ21haWwuY29tIiwiaWF0IjoxNjEwNzk4OTA0fQ.y11rwtdwXw8aXz0Z_XkXf3BEbPGohKlAKHyFxZ8nTfqJtSwDCG2DlC1KzrpCKtKd","email":"test@gmail.com","id":"60ba0b73-4267-421f-91a0-d96568e3dde3"}
2021.01.16, 12:08:29 INFO src/socketHandler.js line:36 Getting data: [{"type":"remove","partitionName":"places","payload":{"id":"72cf3d54-7b42-4193-a33d-678641dcdce3"}}] and want to insert
2021.01.16, 12:08:29 DEBUG userdata/userdata.js line:15 {
  _id: 'users:60ba0b73-4267-421f-91a0-d96568e3dde3',
  _rev: '1-2ffd4bc1450aa45f5312f008f37f6af5',
  username: 'Test',
  jwt: 'eyJhbGciOiJIUzM4NCIsInR5cCI6IkpXVCJ9.eyJlbWFpbCI6InRlc3RAZ21haWwuY29tIiwiaWF0IjoxNjEwNzk4OTA0fQ.y11rwtdwXw8aXz0Z_XkXf3BEbPGohKlAKHyFxZ8nTfqJtSwDCG2DlC1KzrpCKtKd',
  email: 'test@gmail.com',
  id: '60ba0b73-4267-421f-91a0-d96568e3dde3'
}
2021.01.16, 12:08:29 INFO userdata/userdata.js line:43 removing {"type":"remove","partitionName":"places","payload":{"id":"72cf3d54-7b42-4193-a33d-678641dcdce3"}} for Test
2021.01.16, 12:08:29 DEBUG src/database.js line:174 This document removed: {"ok":true,"id":"places:72cf3d54-7b42-4193-a33d-678641dcdce3","rev":"2-f9631b18ae47a4ae599b75f580373739"}
2021.01.16, 12:08:29 DEBUG src/database.js line:147 partitionName: activitys, id: 60ba0b73-4267-421f-91a0-d96568e3dde3, payload: {"id":"72cf3d54-7b42-4193-a33d-678641dcdce3","type":"remove","partitionName":"places","datetime":"2021-01-16T12:08:29.862Z","uuid":"11adeecd-4af1-4f85-9cbb-c8350bb32b46"}
2021.01.16, 12:08:29 DEBUG src/database.js line:153 {
  id: '72cf3d54-7b42-4193-a33d-678641dcdce3',
  type: 'remove',
  partitionName: 'places',
  datetime: 2021-01-16T12:08:29.862Z,
  uuid: '11adeecd-4af1-4f85-9cbb-c8350bb32b46',
  _id: 'activitys:11adeecd-4af1-4f85-9cbb-c8350bb32b46'
}
2021.01.16, 12:08:29 DEBUG userdata/userdata.js line:60 sync_to_client [{"type":"remove","partitionName":"places","payload":{"id":"72cf3d54-7b42-4193-a33d-678641dcdce3"}}] to room: Test
2021.01.16, 12:08:30 DEBUG src/socketHandler.js line:94 User trys to change data
2021.01.16, 12:08:30 INFO src/socketHandler.js line:102 User test@gmail.com has permission to change data
2021.01.16, 12:08:30 DEBUG src/socketHandler.js line:34 user received: {"_id":"users:60ba0b73-4267-421f-91a0-d96568e3dde3","_rev":"1-2ffd4bc1450aa45f5312f008f37f6af5","username":"Test","jwt":"eyJhbGciOiJIUzM4NCIsInR5cCI6IkpXVCJ9.eyJlbWFpbCI6InRlc3RAZ21haWwuY29tIiwiaWF0IjoxNjEwNzk4OTA0fQ.y11rwtdwXw8aXz0Z_XkXf3BEbPGohKlAKHyFxZ8nTfqJtSwDCG2DlC1KzrpCKtKd","email":"test@gmail.com","id":"60ba0b73-4267-421f-91a0-d96568e3dde3"}
2021.01.16, 12:08:30 INFO src/socketHandler.js line:36 Getting data: [{"type":"add","partitionName":"places","payload":{"id":"95f52781-fef2-4c8b-93c4-e8c9f05ec561","place":"Fila","position":[-22.361268344311554,-60.02517700195313]}}] and want to insert
2021.01.16, 12:08:30 DEBUG userdata/userdata.js line:15 {
  _id: 'users:60ba0b73-4267-421f-91a0-d96568e3dde3',
  _rev: '1-2ffd4bc1450aa45f5312f008f37f6af5',
  username: 'Test',
  jwt: 'eyJhbGciOiJIUzM4NCIsInR5cCI6IkpXVCJ9.eyJlbWFpbCI6InRlc3RAZ21haWwuY29tIiwiaWF0IjoxNjEwNzk4OTA0fQ.y11rwtdwXw8aXz0Z_XkXf3BEbPGohKlAKHyFxZ8nTfqJtSwDCG2DlC1KzrpCKtKd',
  email: 'test@gmail.com',
  id: '60ba0b73-4267-421f-91a0-d96568e3dde3'
}
2021.01.16, 12:08:30 INFO userdata/userdata.js line:35 inserting {"type":"add","partitionName":"places","payload":{"id":"95f52781-fef2-4c8b-93c4-e8c9f05ec561","place":"Fila","position":[-22.361268344311554,-60.02517700195313]}} for Test
2021.01.16, 12:08:30 DEBUG src/database.js line:147 partitionName: places, id: 60ba0b73-4267-421f-91a0-d96568e3dde3, payload: {"id":"95f52781-fef2-4c8b-93c4-e8c9f05ec561","place":"Fila","position":[-22.361268344311554,-60.02517700195313]}
2021.01.16, 12:08:30 DEBUG src/database.js line:153 {
  id: '95f52781-fef2-4c8b-93c4-e8c9f05ec561',
  place: 'Fila',
  position: [ -22.361268344311554, -60.02517700195313 ],
  _id: 'places:95f52781-fef2-4c8b-93c4-e8c9f05ec561'
}
2021.01.16, 12:08:30 DEBUG src/database.js line:158 {
  docs: [],
  bookmark: 'nil',
  warning: 'No matching index found, create an index to optimize query time.'
}
2021.01.16, 12:08:30 DEBUG src/database.js line:147 partitionName: activitys, id: 60ba0b73-4267-421f-91a0-d96568e3dde3, payload: {"id":"95f52781-fef2-4c8b-93c4-e8c9f05ec561","type":"add","partitionName":"places","datetime":"2021-01-16T12:08:30.303Z","uuid":"03dbcca1-e10c-426b-8d9b-0ed411e3d96b"}
2021.01.16, 12:08:30 DEBUG src/database.js line:153 {
  id: '95f52781-fef2-4c8b-93c4-e8c9f05ec561',
  type: 'add',
  partitionName: 'places',
  datetime: 2021-01-16T12:08:30.303Z,
  uuid: '03dbcca1-e10c-426b-8d9b-0ed411e3d96b',
  _id: 'activitys:03dbcca1-e10c-426b-8d9b-0ed411e3d96b'
}
2021.01.16, 12:08:30 DEBUG userdata/userdata.js line:60 sync_to_client [{"type":"add","partitionName":"places","payload":{"id":"95f52781-fef2-4c8b-93c4-e8c9f05ec561","place":"Fila","position":[-22.361268344311554,-60.02517700195313],"_id":"places:95f52781-fef2-4c8b-93c4-e8c9f05ec561"}}] to room: Test
2021.01.16, 12:08:30 DEBUG src/socketHandler.js line:94 User trys to change data
2021.01.16, 12:08:30 INFO src/socketHandler.js line:102 User test@gmail.com has permission to change data
2021.01.16, 12:08:30 DEBUG src/socketHandler.js line:34 user received: {"_id":"users:60ba0b73-4267-421f-91a0-d96568e3dde3","_rev":"1-2ffd4bc1450aa45f5312f008f37f6af5","username":"Test","jwt":"eyJhbGciOiJIUzM4NCIsInR5cCI6IkpXVCJ9.eyJlbWFpbCI6InRlc3RAZ21haWwuY29tIiwiaWF0IjoxNjEwNzk4OTA0fQ.y11rwtdwXw8aXz0Z_XkXf3BEbPGohKlAKHyFxZ8nTfqJtSwDCG2DlC1KzrpCKtKd","email":"test@gmail.com","id":"60ba0b73-4267-421f-91a0-d96568e3dde3"}
2021.01.16, 12:08:30 INFO src/socketHandler.js line:36 Getting data: [{"type":"add","partitionName":"places","payload":{"id":"95f52781-fef2-4c8b-93c4-e8c9f05ec561","place":"Fila2","position":[-22.361268344311554,-60.02517700195313]}}] and want to insert
2021.01.16, 12:08:30 DEBUG userdata/userdata.js line:15 {
  _id: 'users:60ba0b73-4267-421f-91a0-d96568e3dde3',
  _rev: '1-2ffd4bc1450aa45f5312f008f37f6af5',
  username: 'Test',
  jwt: 'eyJhbGciOiJIUzM4NCIsInR5cCI6IkpXVCJ9.eyJlbWFpbCI6InRlc3RAZ21haWwuY29tIiwiaWF0IjoxNjEwNzk4OTA0fQ.y11rwtdwXw8aXz0Z_XkXf3BEbPGohKlAKHyFxZ8nTfqJtSwDCG2DlC1KzrpCKtKd',
  email: 'test@gmail.com',
  id: '60ba0b73-4267-421f-91a0-d96568e3dde3'
}
2021.01.16, 12:08:30 INFO userdata/userdata.js line:35 inserting {"type":"add","partitionName":"places","payload":{"id":"95f52781-fef2-4c8b-93c4-e8c9f05ec561","place":"Fila2","position":[-22.361268344311554,-60.02517700195313]}} for Test
2021.01.16, 12:08:30 DEBUG src/database.js line:147 partitionName: places, id: 60ba0b73-4267-421f-91a0-d96568e3dde3, payload: {"id":"95f52781-fef2-4c8b-93c4-e8c9f05ec561","place":"Fila2","position":[-22.361268344311554,-60.02517700195313]}
2021.01.16, 12:08:30 DEBUG src/database.js line:153 {
  id: '95f52781-fef2-4c8b-93c4-e8c9f05ec561',
  place: 'Fila2',
  position: [ -22.361268344311554, -60.02517700195313 ],
  _id: 'places:95f52781-fef2-4c8b-93c4-e8c9f05ec561'
}
2021.01.16, 12:08:30 DEBUG src/database.js line:158 {
  docs: [
    {
      _id: 'places:95f52781-fef2-4c8b-93c4-e8c9f05ec561',
      _rev: '1-2d7500bf22c8b3a42c61b3c0b7a63d29',
      id: '95f52781-fef2-4c8b-93c4-e8c9f05ec561',
      place: 'Fila',
      position: [Array]
    }
  ],
  bookmark: 'g1AAAACGeJzLYWBgYMpgSmHgKy5JLCrJTq2MT8lPzkzJBYprF-QkJqcWW1mappkamVsY6qalphnpmiRbJOlaGieb6KZaJFumGZimJpuaGYKM4IAZQarmLADa1SWL',
  warning: 'No matching index found, create an index to optimize query time.'
}
2021.01.16, 12:08:30 DEBUG src/database.js line:147 partitionName: activitys, id: 60ba0b73-4267-421f-91a0-d96568e3dde3, payload: {"id":"95f52781-fef2-4c8b-93c4-e8c9f05ec561","type":"add","partitionName":"places","datetime":"2021-01-16T12:08:30.650Z","uuid":"07660e80-74ef-4af9-8abb-455f39ccc4cf"}
2021.01.16, 12:08:30 DEBUG src/database.js line:153 {
  id: '95f52781-fef2-4c8b-93c4-e8c9f05ec561',
  type: 'add',
  partitionName: 'places',
  datetime: 2021-01-16T12:08:30.650Z,
  uuid: '07660e80-74ef-4af9-8abb-455f39ccc4cf',
  _id: 'activitys:07660e80-74ef-4af9-8abb-455f39ccc4cf'
}
2021.01.16, 12:08:30 DEBUG userdata/userdata.js line:60 sync_to_client [{"type":"add","partitionName":"places","payload":{"id":"95f52781-fef2-4c8b-93c4-e8c9f05ec561","place":"Fila2","position":[-22.361268344311554,-60.02517700195313],"_id":"places:95f52781-fef2-4c8b-93c4-e8c9f05ec561","_rev":"1-2d7500bf22c8b3a42c61b3c0b7a63d29"}}] to room: Test
2021.01.16, 12:08:30 DEBUG src/socketHandler.js line:94 User trys to change data
2021.01.16, 12:08:30 INFO src/socketHandler.js line:102 User test@gmail.com has permission to change data
2021.01.16, 12:08:30 DEBUG src/socketHandler.js line:34 user received: {"_id":"users:60ba0b73-4267-421f-91a0-d96568e3dde3","_rev":"1-2ffd4bc1450aa45f5312f008f37f6af5","username":"Test","jwt":"eyJhbGciOiJIUzM4NCIsInR5cCI6IkpXVCJ9.eyJlbWFpbCI6InRlc3RAZ21haWwuY29tIiwiaWF0IjoxNjEwNzk4OTA0fQ.y11rwtdwXw8aXz0Z_XkXf3BEbPGohKlAKHyFxZ8nTfqJtSwDCG2DlC1KzrpCKtKd","email":"test@gmail.com","id":"60ba0b73-4267-421f-91a0-d96568e3dde3"}
2021.01.16, 12:08:30 INFO src/socketHandler.js line:36 Getting data: [{"type":"remove","partitionName":"places","payload":{"id":"95f52781-fef2-4c8b-93c4-e8c9f05ec561"}}] and want to insert
2021.01.16, 12:08:30 DEBUG userdata/userdata.js line:15 {
  _id: 'users:60ba0b73-4267-421f-91a0-d96568e3dde3',
  _rev: '1-2ffd4bc1450aa45f5312f008f37f6af5',
  username: 'Test',
  jwt: 'eyJhbGciOiJIUzM4NCIsInR5cCI6IkpXVCJ9.eyJlbWFpbCI6InRlc3RAZ21haWwuY29tIiwiaWF0IjoxNjEwNzk4OTA0fQ.y11rwtdwXw8aXz0Z_XkXf3BEbPGohKlAKHyFxZ8nTfqJtSwDCG2DlC1KzrpCKtKd',
  email: 'test@gmail.com',
  id: '60ba0b73-4267-421f-91a0-d96568e3dde3'
}
2021.01.16, 12:08:30 INFO userdata/userdata.js line:43 removing {"type":"remove","partitionName":"places","payload":{"id":"95f52781-fef2-4c8b-93c4-e8c9f05ec561"}} for Test
2021.01.16, 12:08:30 DEBUG src/database.js line:174 This document removed: {"ok":true,"id":"places:95f52781-fef2-4c8b-93c4-e8c9f05ec561","rev":"3-d892318cff8a39f83158281346e89668"}
2021.01.16, 12:08:30 DEBUG src/database.js line:147 partitionName: activitys, id: 60ba0b73-4267-421f-91a0-d96568e3dde3, payload: {"id":"95f52781-fef2-4c8b-93c4-e8c9f05ec561","type":"remove","partitionName":"places","datetime":"2021-01-16T12:08:30.882Z","uuid":"3540366d-224f-469c-a524-59d1024c5e8a"}
2021.01.16, 12:08:30 DEBUG src/database.js line:153 {
  id: '95f52781-fef2-4c8b-93c4-e8c9f05ec561',
  type: 'remove',
  partitionName: 'places',
  datetime: 2021-01-16T12:08:30.882Z,
  uuid: '3540366d-224f-469c-a524-59d1024c5e8a',
  _id: 'activitys:3540366d-224f-469c-a524-59d1024c5e8a'
}
2021.01.16, 12:08:30 DEBUG userdata/userdata.js line:60 sync_to_client [{"type":"remove","partitionName":"places","payload":{"id":"95f52781-fef2-4c8b-93c4-e8c9f05ec561"}}] to room: Test
2021.01.16, 12:08:32 DEBUG src/socketHandler.js line:94 User trys to change data
2021.01.16, 12:08:32 INFO src/socketHandler.js line:102 User test@gmail.com has permission to change data
2021.01.16, 12:08:32 DEBUG src/socketHandler.js line:34 user received: {"_id":"users:60ba0b73-4267-421f-91a0-d96568e3dde3","_rev":"1-2ffd4bc1450aa45f5312f008f37f6af5","username":"Test","jwt":"eyJhbGciOiJIUzM4NCIsInR5cCI6IkpXVCJ9.eyJlbWFpbCI6InRlc3RAZ21haWwuY29tIiwiaWF0IjoxNjEwNzk4OTA0fQ.y11rwtdwXw8aXz0Z_XkXf3BEbPGohKlAKHyFxZ8nTfqJtSwDCG2DlC1KzrpCKtKd","email":"test@gmail.com","id":"60ba0b73-4267-421f-91a0-d96568e3dde3"}
2021.01.16, 12:08:32 INFO src/socketHandler.js line:36 Getting data: [{"type":"add","partitionName":"places","payload":{"id":"cb3a0ab0-7e6d-488e-b82f-2b9e527c07fd","place":"Fila","position":[-22.361268344311554,-60.02517700195313]}}] and want to insert
2021.01.16, 12:08:32 DEBUG userdata/userdata.js line:15 {
  _id: 'users:60ba0b73-4267-421f-91a0-d96568e3dde3',
  _rev: '1-2ffd4bc1450aa45f5312f008f37f6af5',
  username: 'Test',
  jwt: 'eyJhbGciOiJIUzM4NCIsInR5cCI6IkpXVCJ9.eyJlbWFpbCI6InRlc3RAZ21haWwuY29tIiwiaWF0IjoxNjEwNzk4OTA0fQ.y11rwtdwXw8aXz0Z_XkXf3BEbPGohKlAKHyFxZ8nTfqJtSwDCG2DlC1KzrpCKtKd',
  email: 'test@gmail.com',
  id: '60ba0b73-4267-421f-91a0-d96568e3dde3'
}
2021.01.16, 12:08:32 INFO userdata/userdata.js line:35 inserting {"type":"add","partitionName":"places","payload":{"id":"cb3a0ab0-7e6d-488e-b82f-2b9e527c07fd","place":"Fila","position":[-22.361268344311554,-60.02517700195313]}} for Test
2021.01.16, 12:08:32 DEBUG src/database.js line:147 partitionName: places, id: 60ba0b73-4267-421f-91a0-d96568e3dde3, payload: {"id":"cb3a0ab0-7e6d-488e-b82f-2b9e527c07fd","place":"Fila","position":[-22.361268344311554,-60.02517700195313]}
2021.01.16, 12:08:32 DEBUG src/database.js line:153 {
  id: 'cb3a0ab0-7e6d-488e-b82f-2b9e527c07fd',
  place: 'Fila',
  position: [ -22.361268344311554, -60.02517700195313 ],
  _id: 'places:cb3a0ab0-7e6d-488e-b82f-2b9e527c07fd'
}
2021.01.16, 12:08:32 DEBUG src/database.js line:158 {
  docs: [],
  bookmark: 'nil',
  warning: 'No matching index found, create an index to optimize query time.'
}
2021.01.16, 12:08:32 DEBUG src/database.js line:147 partitionName: activitys, id: 60ba0b73-4267-421f-91a0-d96568e3dde3, payload: {"id":"cb3a0ab0-7e6d-488e-b82f-2b9e527c07fd","type":"add","partitionName":"places","datetime":"2021-01-16T12:08:32.517Z","uuid":"3c811ccc-53b0-4b8f-ae60-864ebc05a2d7"}
2021.01.16, 12:08:32 DEBUG src/database.js line:153 {
  id: 'cb3a0ab0-7e6d-488e-b82f-2b9e527c07fd',
  type: 'add',
  partitionName: 'places',
  datetime: 2021-01-16T12:08:32.517Z,
  uuid: '3c811ccc-53b0-4b8f-ae60-864ebc05a2d7',
  _id: 'activitys:3c811ccc-53b0-4b8f-ae60-864ebc05a2d7'
}
2021.01.16, 12:08:32 DEBUG userdata/userdata.js line:60 sync_to_client [{"type":"add","partitionName":"places","payload":{"id":"cb3a0ab0-7e6d-488e-b82f-2b9e527c07fd","place":"Fila","position":[-22.361268344311554,-60.02517700195313],"_id":"places:cb3a0ab0-7e6d-488e-b82f-2b9e527c07fd"}}] to room: Test
2021.01.16, 12:08:33 DEBUG src/socketHandler.js line:94 User trys to change data
2021.01.16, 12:08:33 INFO src/socketHandler.js line:102 User test@gmail.com has permission to change data
2021.01.16, 12:08:33 DEBUG src/socketHandler.js line:34 user received: {"_id":"users:60ba0b73-4267-421f-91a0-d96568e3dde3","_rev":"1-2ffd4bc1450aa45f5312f008f37f6af5","username":"Test","jwt":"eyJhbGciOiJIUzM4NCIsInR5cCI6IkpXVCJ9.eyJlbWFpbCI6InRlc3RAZ21haWwuY29tIiwiaWF0IjoxNjEwNzk4OTA0fQ.y11rwtdwXw8aXz0Z_XkXf3BEbPGohKlAKHyFxZ8nTfqJtSwDCG2DlC1KzrpCKtKd","email":"test@gmail.com","id":"60ba0b73-4267-421f-91a0-d96568e3dde3"}
2021.01.16, 12:08:33 INFO src/socketHandler.js line:36 Getting data: [{"type":"add","partitionName":"places","payload":{"id":"e40ce6b2-978c-46aa-8658-a3df7723ce76","place":"Loma","position":[-22.361268344311554,-60.02517700195313]}}] and want to insert
2021.01.16, 12:08:33 DEBUG userdata/userdata.js line:15 {
  _id: 'users:60ba0b73-4267-421f-91a0-d96568e3dde3',
  _rev: '1-2ffd4bc1450aa45f5312f008f37f6af5',
  username: 'Test',
  jwt: 'eyJhbGciOiJIUzM4NCIsInR5cCI6IkpXVCJ9.eyJlbWFpbCI6InRlc3RAZ21haWwuY29tIiwiaWF0IjoxNjEwNzk4OTA0fQ.y11rwtdwXw8aXz0Z_XkXf3BEbPGohKlAKHyFxZ8nTfqJtSwDCG2DlC1KzrpCKtKd',
  email: 'test@gmail.com',
  id: '60ba0b73-4267-421f-91a0-d96568e3dde3'
}
2021.01.16, 12:08:33 INFO userdata/userdata.js line:35 inserting {"type":"add","partitionName":"places","payload":{"id":"e40ce6b2-978c-46aa-8658-a3df7723ce76","place":"Loma","position":[-22.361268344311554,-60.02517700195313]}} for Test
2021.01.16, 12:08:33 DEBUG src/database.js line:147 partitionName: places, id: 60ba0b73-4267-421f-91a0-d96568e3dde3, payload: {"id":"e40ce6b2-978c-46aa-8658-a3df7723ce76","place":"Loma","position":[-22.361268344311554,-60.02517700195313]}
2021.01.16, 12:08:33 DEBUG src/database.js line:153 {
  id: 'e40ce6b2-978c-46aa-8658-a3df7723ce76',
  place: 'Loma',
  position: [ -22.361268344311554, -60.02517700195313 ],
  _id: 'places:e40ce6b2-978c-46aa-8658-a3df7723ce76'
}
2021.01.16, 12:08:33 DEBUG src/database.js line:158 {
  docs: [],
  bookmark: 'nil',
  warning: 'No matching index found, create an index to optimize query time.'
}
2021.01.16, 12:08:33 DEBUG src/database.js line:147 partitionName: activitys, id: 60ba0b73-4267-421f-91a0-d96568e3dde3, payload: {"id":"e40ce6b2-978c-46aa-8658-a3df7723ce76","type":"add","partitionName":"places","datetime":"2021-01-16T12:08:33.071Z","uuid":"4dad225f-1a0e-4be2-bce1-b6e5e01818e4"}
2021.01.16, 12:08:33 DEBUG src/database.js line:153 {
  id: 'e40ce6b2-978c-46aa-8658-a3df7723ce76',
  type: 'add',
  partitionName: 'places',
  datetime: 2021-01-16T12:08:33.071Z,
  uuid: '4dad225f-1a0e-4be2-bce1-b6e5e01818e4',
  _id: 'activitys:4dad225f-1a0e-4be2-bce1-b6e5e01818e4'
}
2021.01.16, 12:08:33 DEBUG userdata/userdata.js line:60 sync_to_client [{"type":"add","partitionName":"places","payload":{"id":"e40ce6b2-978c-46aa-8658-a3df7723ce76","place":"Loma","position":[-22.361268344311554,-60.02517700195313],"_id":"places:e40ce6b2-978c-46aa-8658-a3df7723ce76"}}] to room: Test
2021.01.16, 12:08:34 DEBUG src/socketHandler.js line:94 User trys to change data
2021.01.16, 12:08:34 INFO src/socketHandler.js line:102 User test@gmail.com has permission to change data
2021.01.16, 12:08:34 DEBUG src/socketHandler.js line:34 user received: {"_id":"users:60ba0b73-4267-421f-91a0-d96568e3dde3","_rev":"1-2ffd4bc1450aa45f5312f008f37f6af5","username":"Test","jwt":"eyJhbGciOiJIUzM4NCIsInR5cCI6IkpXVCJ9.eyJlbWFpbCI6InRlc3RAZ21haWwuY29tIiwiaWF0IjoxNjEwNzk4OTA0fQ.y11rwtdwXw8aXz0Z_XkXf3BEbPGohKlAKHyFxZ8nTfqJtSwDCG2DlC1KzrpCKtKd","email":"test@gmail.com","id":"60ba0b73-4267-421f-91a0-d96568e3dde3"}
2021.01.16, 12:08:34 INFO src/socketHandler.js line:36 Getting data: [{"type":"add","partitionName":"rain","payload":{"id":"069b1c32-c24f-4b11-8441-91f90e80bb04","date":"2021-01-16T00:00:00.000Z","placeid":"cb3a0ab0-7e6d-488e-b82f-2b9e527c07fd","mm":400}}] and want to insert
2021.01.16, 12:08:34 DEBUG userdata/userdata.js line:15 {
  _id: 'users:60ba0b73-4267-421f-91a0-d96568e3dde3',
  _rev: '1-2ffd4bc1450aa45f5312f008f37f6af5',
  username: 'Test',
  jwt: 'eyJhbGciOiJIUzM4NCIsInR5cCI6IkpXVCJ9.eyJlbWFpbCI6InRlc3RAZ21haWwuY29tIiwiaWF0IjoxNjEwNzk4OTA0fQ.y11rwtdwXw8aXz0Z_XkXf3BEbPGohKlAKHyFxZ8nTfqJtSwDCG2DlC1KzrpCKtKd',
  email: 'test@gmail.com',
  id: '60ba0b73-4267-421f-91a0-d96568e3dde3'
}
2021.01.16, 12:08:34 INFO userdata/userdata.js line:35 inserting {"type":"add","partitionName":"rain","payload":{"id":"069b1c32-c24f-4b11-8441-91f90e80bb04","date":"2021-01-16T00:00:00.000Z","placeid":"cb3a0ab0-7e6d-488e-b82f-2b9e527c07fd","mm":400}} for Test
2021.01.16, 12:08:34 DEBUG src/database.js line:147 partitionName: rain, id: 60ba0b73-4267-421f-91a0-d96568e3dde3, payload: {"id":"069b1c32-c24f-4b11-8441-91f90e80bb04","date":"2021-01-16T00:00:00.000Z","placeid":"cb3a0ab0-7e6d-488e-b82f-2b9e527c07fd","mm":400}
2021.01.16, 12:08:34 DEBUG src/database.js line:153 {
  id: '069b1c32-c24f-4b11-8441-91f90e80bb04',
  date: 2021-01-16T00:00:00.000Z,
  placeid: 'cb3a0ab0-7e6d-488e-b82f-2b9e527c07fd',
  mm: 400,
  _id: 'rain:069b1c32-c24f-4b11-8441-91f90e80bb04'
}
2021.01.16, 12:08:34 DEBUG src/database.js line:158 {
  docs: [],
  bookmark: 'nil',
  warning: 'No matching index found, create an index to optimize query time.'
}
2021.01.16, 12:08:34 DEBUG src/database.js line:147 partitionName: activitys, id: 60ba0b73-4267-421f-91a0-d96568e3dde3, payload: {"id":"069b1c32-c24f-4b11-8441-91f90e80bb04","type":"add","partitionName":"rain","datetime":"2021-01-16T12:08:34.823Z","uuid":"e1f48363-80a8-46e2-adb9-9d059eaccef5"}
2021.01.16, 12:08:34 DEBUG src/database.js line:153 {
  id: '069b1c32-c24f-4b11-8441-91f90e80bb04',
  type: 'add',
  partitionName: 'rain',
  datetime: 2021-01-16T12:08:34.823Z,
  uuid: 'e1f48363-80a8-46e2-adb9-9d059eaccef5',
  _id: 'activitys:e1f48363-80a8-46e2-adb9-9d059eaccef5'
}
2021.01.16, 12:08:34 DEBUG userdata/userdata.js line:60 sync_to_client [{"type":"add","partitionName":"rain","payload":{"id":"069b1c32-c24f-4b11-8441-91f90e80bb04","date":"2021-01-16T00:00:00.000Z","placeid":"cb3a0ab0-7e6d-488e-b82f-2b9e527c07fd","mm":400,"_id":"rain:069b1c32-c24f-4b11-8441-91f90e80bb04"}}] to room: Test
2021.01.16, 12:08:35 DEBUG src/socketHandler.js line:94 User trys to change data
2021.01.16, 12:08:35 INFO src/socketHandler.js line:102 User test@gmail.com has permission to change data
2021.01.16, 12:08:35 DEBUG src/socketHandler.js line:34 user received: {"_id":"users:60ba0b73-4267-421f-91a0-d96568e3dde3","_rev":"1-2ffd4bc1450aa45f5312f008f37f6af5","username":"Test","jwt":"eyJhbGciOiJIUzM4NCIsInR5cCI6IkpXVCJ9.eyJlbWFpbCI6InRlc3RAZ21haWwuY29tIiwiaWF0IjoxNjEwNzk4OTA0fQ.y11rwtdwXw8aXz0Z_XkXf3BEbPGohKlAKHyFxZ8nTfqJtSwDCG2DlC1KzrpCKtKd","email":"test@gmail.com","id":"60ba0b73-4267-421f-91a0-d96568e3dde3"}
2021.01.16, 12:08:35 INFO src/socketHandler.js line:36 Getting data: [{"type":"add","partitionName":"rain","payload":{"id":"60454a07-5f65-497f-9aa7-db263328f1b2","date":"2021-01-16T00:00:00.000Z","placeid":"e40ce6b2-978c-46aa-8658-a3df7723ce76","mm":1}}] and want to insert
2021.01.16, 12:08:35 DEBUG userdata/userdata.js line:15 {
  _id: 'users:60ba0b73-4267-421f-91a0-d96568e3dde3',
  _rev: '1-2ffd4bc1450aa45f5312f008f37f6af5',
  username: 'Test',
  jwt: 'eyJhbGciOiJIUzM4NCIsInR5cCI6IkpXVCJ9.eyJlbWFpbCI6InRlc3RAZ21haWwuY29tIiwiaWF0IjoxNjEwNzk4OTA0fQ.y11rwtdwXw8aXz0Z_XkXf3BEbPGohKlAKHyFxZ8nTfqJtSwDCG2DlC1KzrpCKtKd',
  email: 'test@gmail.com',
  id: '60ba0b73-4267-421f-91a0-d96568e3dde3'
}
2021.01.16, 12:08:35 INFO userdata/userdata.js line:35 inserting {"type":"add","partitionName":"rain","payload":{"id":"60454a07-5f65-497f-9aa7-db263328f1b2","date":"2021-01-16T00:00:00.000Z","placeid":"e40ce6b2-978c-46aa-8658-a3df7723ce76","mm":1}} for Test
2021.01.16, 12:08:35 DEBUG src/database.js line:147 partitionName: rain, id: 60ba0b73-4267-421f-91a0-d96568e3dde3, payload: {"id":"60454a07-5f65-497f-9aa7-db263328f1b2","date":"2021-01-16T00:00:00.000Z","placeid":"e40ce6b2-978c-46aa-8658-a3df7723ce76","mm":1}
2021.01.16, 12:08:35 DEBUG src/database.js line:153 {
  id: '60454a07-5f65-497f-9aa7-db263328f1b2',
  date: 2021-01-16T00:00:00.000Z,
  placeid: 'e40ce6b2-978c-46aa-8658-a3df7723ce76',
  mm: 1,
  _id: 'rain:60454a07-5f65-497f-9aa7-db263328f1b2'
}
2021.01.16, 12:08:35 DEBUG src/database.js line:158 {
  docs: [],
  bookmark: 'nil',
  warning: 'No matching index found, create an index to optimize query time.'
}
2021.01.16, 12:08:35 DEBUG src/database.js line:147 partitionName: activitys, id: 60ba0b73-4267-421f-91a0-d96568e3dde3, payload: {"id":"60454a07-5f65-497f-9aa7-db263328f1b2","type":"add","partitionName":"rain","datetime":"2021-01-16T12:08:35.538Z","uuid":"cc35cfe0-692a-4123-b1f1-56f85f3b731a"}
2021.01.16, 12:08:35 DEBUG src/database.js line:153 {
  id: '60454a07-5f65-497f-9aa7-db263328f1b2',
  type: 'add',
  partitionName: 'rain',
  datetime: 2021-01-16T12:08:35.538Z,
  uuid: 'cc35cfe0-692a-4123-b1f1-56f85f3b731a',
  _id: 'activitys:cc35cfe0-692a-4123-b1f1-56f85f3b731a'
}
2021.01.16, 12:08:35 DEBUG userdata/userdata.js line:60 sync_to_client [{"type":"add","partitionName":"rain","payload":{"id":"60454a07-5f65-497f-9aa7-db263328f1b2","date":"2021-01-16T00:00:00.000Z","placeid":"e40ce6b2-978c-46aa-8658-a3df7723ce76","mm":1,"_id":"rain:60454a07-5f65-497f-9aa7-db263328f1b2"}}] to room: Test
2021.01.16, 12:08:35 DEBUG src/socketHandler.js line:42 Session {
  cookie: {
    path: '/',
    _expires: 2023-10-13T12:08:25.885Z,
    originalMaxAge: 86400000000,
    httpOnly: true
  },
  jwt: 'eyJhbGciOiJIUzM4NCIsInR5cCI6IkpXVCJ9.eyJlbWFpbCI6InRlc3RAZ21haWwuY29tIiwiaWF0IjoxNjEwNzk4OTA0fQ.y11rwtdwXw8aXz0Z_XkXf3BEbPGohKlAKHyFxZ8nTfqJtSwDCG2DlC1KzrpCKtKd'
}
2021.01.16, 12:08:35 DEBUG src/socketHandler.js line:46 live map receives date: Sat Jan 16 2021 00:00:00 GMT+0000 (Coordinated Universal Time)
2021.01.16, 12:08:35 DEBUG src/database.js line:221 2021-01-16T00:00:00.000Z
2021.01.16, 12:08:35 DEBUG src/socketHandler.js line:60 getting rain days [ { date: '2021-01-16T00:00:00.000Z' } ]
2021.01.16, 12:08:35 DEBUG src/database.js line:226 {"total_rows":2,"offset":0,"rows":[{"id":"rain:069b1c32-c24f-4b11-8441-91f90e80bb04","key":"2021-01-16T00:00:00.000Z","value":{"date":"2021-01-16T00:00:00.000Z","mm":400,"_id":"places:cb3a0ab0-7e6d-488e-b82f-2b9e527c07fd"},"doc":{"_id":"places:cb3a0ab0-7e6d-488e-b82f-2b9e527c07fd","_rev":"1-8d24ecf55c889a33ba1c684ba237d9c3","id":"cb3a0ab0-7e6d-488e-b82f-2b9e527c07fd","place":"Fila","position":[-22.361268344311554,-60.02517700195313]}},{"id":"rain:60454a07-5f65-497f-9aa7-db263328f1b2","key":"2021-01-16T00:00:00.000Z","value":{"date":"2021-01-16T00:00:00.000Z","mm":1,"_id":"places:e40ce6b2-978c-46aa-8658-a3df7723ce76"},"doc":{"_id":"places:e40ce6b2-978c-46aa-8658-a3df7723ce76","_rev":"1-dab94e2b4dd8e089cf969ffaf95131dd","id":"e40ce6b2-978c-46aa-8658-a3df7723ce76","place":"Loma","position":[-22.361268344311554,-60.02517700195313]}}]}
2021.01.16, 12:08:35 DEBUG src/database.js line:235 [
  {
    date: '2021-01-16T00:00:00.000Z',
    mm: 400,
    position: [ -22.361268344311554, -60.02517700195313 ]
  },
  {
    date: '2021-01-16T00:00:00.000Z',
    mm: 1,
    position: [ -22.361268344311554, -60.02517700195313 ]
  }
]
2021.01.16, 12:08:35 DEBUG src/socketHandler.js line:48 Rain obj is: [{"date":"2021-01-16T00:00:00.000Z","mm":400,"position":[-22.361268344311554,-60.02517700195313]},{"date":"2021-01-16T00:00:00.000Z","mm":1,"position":[-22.361268344311554,-60.02517700195313]}]
2021.01.16, 12:08:36 DEBUG src/socketHandler.js line:94 User trys to change data
2021.01.16, 12:08:36 INFO src/socketHandler.js line:102 User test@gmail.com has permission to change data
2021.01.16, 12:08:36 DEBUG src/socketHandler.js line:34 user received: {"_id":"users:60ba0b73-4267-421f-91a0-d96568e3dde3","_rev":"1-2ffd4bc1450aa45f5312f008f37f6af5","username":"Test","jwt":"eyJhbGciOiJIUzM4NCIsInR5cCI6IkpXVCJ9.eyJlbWFpbCI6InRlc3RAZ21haWwuY29tIiwiaWF0IjoxNjEwNzk4OTA0fQ.y11rwtdwXw8aXz0Z_XkXf3BEbPGohKlAKHyFxZ8nTfqJtSwDCG2DlC1KzrpCKtKd","email":"test@gmail.com","id":"60ba0b73-4267-421f-91a0-d96568e3dde3"}
2021.01.16, 12:08:36 INFO src/socketHandler.js line:36 Getting data: [{"type":"remove","partitionName":"rain","payload":{"id":"069b1c32-c24f-4b11-8441-91f90e80bb04"}},{"type":"remove","partitionName":"places","payload":{"id":"cb3a0ab0-7e6d-488e-b82f-2b9e527c07fd"}}] and want to insert
2021.01.16, 12:08:36 DEBUG userdata/userdata.js line:15 {
  _id: 'users:60ba0b73-4267-421f-91a0-d96568e3dde3',
  _rev: '1-2ffd4bc1450aa45f5312f008f37f6af5',
  username: 'Test',
  jwt: 'eyJhbGciOiJIUzM4NCIsInR5cCI6IkpXVCJ9.eyJlbWFpbCI6InRlc3RAZ21haWwuY29tIiwiaWF0IjoxNjEwNzk4OTA0fQ.y11rwtdwXw8aXz0Z_XkXf3BEbPGohKlAKHyFxZ8nTfqJtSwDCG2DlC1KzrpCKtKd',
  email: 'test@gmail.com',
  id: '60ba0b73-4267-421f-91a0-d96568e3dde3'
}
2021.01.16, 12:08:36 INFO userdata/userdata.js line:43 removing {"type":"remove","partitionName":"rain","payload":{"id":"069b1c32-c24f-4b11-8441-91f90e80bb04","date":null}} for Test
2021.01.16, 12:08:36 DEBUG src/database.js line:174 This document removed: {"ok":true,"id":"rain:069b1c32-c24f-4b11-8441-91f90e80bb04","rev":"2-9a82f514ae858cd2208fc83e282d85f2"}
2021.01.16, 12:08:36 DEBUG src/database.js line:147 partitionName: activitys, id: 60ba0b73-4267-421f-91a0-d96568e3dde3, payload: {"id":"069b1c32-c24f-4b11-8441-91f90e80bb04","type":"remove","partitionName":"rain","datetime":"2021-01-16T12:08:36.275Z","uuid":"8ae39148-f593-4272-a1a3-2ec22a2e6956"}
2021.01.16, 12:08:36 DEBUG src/database.js line:153 {
  id: '069b1c32-c24f-4b11-8441-91f90e80bb04',
  type: 'remove',
  partitionName: 'rain',
  datetime: 2021-01-16T12:08:36.275Z,
  uuid: '8ae39148-f593-4272-a1a3-2ec22a2e6956',
  _id: 'activitys:8ae39148-f593-4272-a1a3-2ec22a2e6956'
}
2021.01.16, 12:08:36 INFO userdata/userdata.js line:43 removing {"type":"remove","partitionName":"places","payload":{"id":"cb3a0ab0-7e6d-488e-b82f-2b9e527c07fd"}} for Test
2021.01.16, 12:08:36 DEBUG src/database.js line:174 This document removed: {"ok":true,"id":"places:cb3a0ab0-7e6d-488e-b82f-2b9e527c07fd","rev":"2-779b36cddfeeb198b45b5163a173260e"}
2021.01.16, 12:08:36 DEBUG src/database.js line:147 partitionName: activitys, id: 60ba0b73-4267-421f-91a0-d96568e3dde3, payload: {"id":"cb3a0ab0-7e6d-488e-b82f-2b9e527c07fd","type":"remove","partitionName":"places","datetime":"2021-01-16T12:08:36.304Z","uuid":"940ad2f3-dbb4-4efe-bd30-c5ab9b87db33"}
2021.01.16, 12:08:36 DEBUG src/database.js line:153 {
  id: 'cb3a0ab0-7e6d-488e-b82f-2b9e527c07fd',
  type: 'remove',
  partitionName: 'places',
  datetime: 2021-01-16T12:08:36.304Z,
  uuid: '940ad2f3-dbb4-4efe-bd30-c5ab9b87db33',
  _id: 'activitys:940ad2f3-dbb4-4efe-bd30-c5ab9b87db33'
}
2021.01.16, 12:08:36 DEBUG userdata/userdata.js line:60 sync_to_client [{"type":"remove","partitionName":"rain","payload":{"id":"069b1c32-c24f-4b11-8441-91f90e80bb04","date":null}},{"type":"remove","partitionName":"places","payload":{"id":"cb3a0ab0-7e6d-488e-b82f-2b9e527c07fd"}}] to room: Test
